<?xml version="1.0" encoding="UTF-8"?>
<testng-results skipped="0" failed="0" ignored="0" total="1" passed="1">
  <reporter-output>
  </reporter-output>
  <suite name="Default suite" duration-ms="25462" started-at="2020-01-28T23:20:27 IST" finished-at="2020-01-28T23:20:52 IST">
    <groups>
    </groups>
    <test name="Default test" duration-ms="25462" started-at="2020-01-28T23:20:27 IST" finished-at="2020-01-28T23:20:52 IST">
      <class name="testcases.RunMergeLead">
        <test-method status="PASS" signature="login()[pri:0, instance:testcases.RunMergeLead@711f39f9]" name="login" is-config="true" duration-ms="3178" started-at="2020-01-28T23:20:27 IST" finished-at="2020-01-28T23:20:30 IST">
          <reporter-output>
          </reporter-output>
        </test-method> <!-- login -->
        <test-method status="PASS" signature="runMergeLead()[pri:0, instance:testcases.RunMergeLead@711f39f9]" name="runMergeLead" duration-ms="22224" started-at="2020-01-28T23:20:30 IST" finished-at="2020-01-28T23:20:52 IST">
          <reporter-output>
          </reporter-output>
        </test-method> <!-- runMergeLead -->
        <test-method status="PASS" signature="closeBrowser()[pri:0, instance:testcases.RunMergeLead@711f39f9]" name="closeBrowser" is-config="true" duration-ms="0" started-at="2020-01-28T23:20:52 IST" finished-at="2020-01-28T23:20:52 IST">
          <reporter-output>
          </reporter-output>
        </test-method> <!-- closeBrowser -->
      </class> <!-- testcases.RunMergeLead -->
    </test> <!-- Default test -->
  </suite> <!-- Default suite -->
</testng-results>
